[2019-06-15 14:06:32][DEBUG][ERROR] : [Uncaught Swoole\Exception: failed to listen server port[0.0.0.0:9501], Error: Address already in use[98] in /home/wwwroot/easyswooe/vendor/easyswoole/easyswoole/src/ServerManager.php:56
Stack trace:
#0 /home/wwwroot/easyswooe/vendor/easyswoole/easyswoole/src/ServerManager.php(56): Swoole\Server->__construct('0.0.0.0', 9501, 2, 1)
#1 /home/wwwroot/easyswooe/vendor/easyswoole/easyswoole/src/Core.php(117): EasySwoole\EasySwoole\ServerManager->createSwooleServer(9501, 2, '0.0.0.0', Array, 2, 1)
#2 /home/wwwroot/easyswooe/vendor/easyswoole/easyswoole/src/Command/DefaultCommand/Start.php(42): EasySwoole\EasySwoole\Core->createServer()
#3 /home/wwwroot/easyswooe/vendor/easyswoole/easyswoole/src/Command/CommandContainer.php(44): EasySwoole\EasySwoole\Command\DefaultCommand\Start->exec(Array)
#4 /home/wwwroot/easyswooe/vendor/easyswoole/easyswoole/src/Command/CommandRunner.php(52): EasySwoole\EasySwoole\Command\CommandContainer->hook('start', Array)
#5 /home/wwwroot/easyswooe/easyswoole(20): EasySwoole\EasySwoole\Comm at file:/home/wwwroot/easyswooe/vendor/easyswoole/easyswoole/src/ServerManager.php line:56]
[2019-06-15 15:33:43][DEBUG][WARNING] : [Declaration of App\HttpController\Index::actionNotFound() should be compatible with EasySwoole\Http\AbstractInterface\Controller::actionNotFound(?string $action) at file:/home/wwwroot/easyswooe/App/HttpController/Index.php line:7]
[2019-06-15 15:42:23][DEBUG][WARNING] : [Declaration of App\HttpController\Index::actionNotFound() should be compatible with EasySwoole\Http\AbstractInterface\Controller::actionNotFound(?string $action) at file:/home/wwwroot/easyswooe/App/HttpController/Index.php line:7]
[2019-06-15 15:43:11][DEBUG][WARNING] : [Declaration of App\HttpController\Index::actionNotFound() should be compatible with EasySwoole\Http\AbstractInterface\Controller::actionNotFound(?string $action) at file:/home/wwwroot/easyswooe/App/HttpController/Index.php line:7]
[2019-06-15 16:03:57][DEBUG][WARNING] : [Declaration of App\HttpController\Base::actionNotFound() should be compatible with EasySwoole\Http\AbstractInterface\Controller::actionNotFound(?string $action) at file:/home/wwwroot/easyswooe/App/HttpController/Base.php line:9]
[2019-06-15 16:06:12][DEBUG][WARNING] : [Declaration of App\HttpController\Base::actionNotFound() should be compatible with EasySwoole\Http\AbstractInterface\Controller::actionNotFound(?string $action) at file:/home/wwwroot/easyswooe/App/HttpController/Base.php line:9]
[2019-06-15 16:06:12][DEBUG][ERROR] : [Class 'App\Tools\PlatesRender' not found at file:/home/wwwroot/easyswooe/App/HttpController/Base.php line:24]
[2019-06-15 16:10:29][DEBUG][WARNING] : [Declaration of App\HttpController\Base::actionNotFound() should be compatible with EasySwoole\Http\AbstractInterface\Controller::actionNotFound(?string $action) at file:/home/wwwroot/easyswooe/App/HttpController/Base.php line:9]
[2019-06-15 16:11:34][DEBUG][WARNING] : [Declaration of App\HttpController\Base::actionNotFound() should be compatible with EasySwoole\Http\AbstractInterface\Controller::actionNotFound(?string $action) at file:/home/wwwroot/easyswooe/App/HttpController/Base.php line:9]
[2019-06-15 16:12:20][DEBUG][WARNING] : [Declaration of App\HttpController\Base::actionNotFound() should be compatible with EasySwoole\Http\AbstractInterface\Controller::actionNotFound(?string $action) at file:/home/wwwroot/easyswooe/App/HttpController/Base.php line:9]
[2019-06-15 16:13:41][DEBUG][ERROR] : [Uncaught Swoole\Exception: failed to listen server port[0.0.0.0:9501], Error: Address already in use[98] in /home/wwwroot/easyswooe/vendor/easyswoole/easyswoole/src/ServerManager.php:56
Stack trace:
#0 /home/wwwroot/easyswooe/vendor/easyswoole/easyswoole/src/ServerManager.php(56): Swoole\Server->__construct('0.0.0.0', 9501, 2, 1)
#1 /home/wwwroot/easyswooe/vendor/easyswoole/easyswoole/src/Core.php(117): EasySwoole\EasySwoole\ServerManager->createSwooleServer(9501, 2, '0.0.0.0', Array, 2, 1)
#2 /home/wwwroot/easyswooe/vendor/easyswoole/easyswoole/src/Command/DefaultCommand/Start.php(42): EasySwoole\EasySwoole\Core->createServer()
#3 /home/wwwroot/easyswooe/vendor/easyswoole/easyswoole/src/Command/CommandContainer.php(44): EasySwoole\EasySwoole\Command\DefaultCommand\Start->exec(Array)
#4 /home/wwwroot/easyswooe/vendor/easyswoole/easyswoole/src/Command/CommandRunner.php(52): EasySwoole\EasySwoole\Command\CommandContainer->hook('start', Array)
#5 /home/wwwroot/easyswooe/easyswoole(20): EasySwoole\EasySwoole\Comm at file:/home/wwwroot/easyswooe/vendor/easyswoole/easyswoole/src/ServerManager.php line:56]
[2019-06-15 16:14:11][DEBUG][WARNING] : [Declaration of App\HttpController\Base::actionNotFound() should be compatible with EasySwoole\Http\AbstractInterface\Controller::actionNotFound(?string $action) at file:/home/wwwroot/easyswooe/App/HttpController/Base.php line:9]
[2019-06-15 16:16:29][DEBUG][WARNING] : [Declaration of App\HttpController\Base::actionNotFound() should be compatible with EasySwoole\Http\AbstractInterface\Controller::actionNotFound(?string $action) at file:/home/wwwroot/easyswooe/App/HttpController/Base.php line:9]
[2019-06-15 16:17:13][DEBUG][WARNING] : [Declaration of App\HttpController\Base::actionNotFound() should be compatible with EasySwoole\Http\AbstractInterface\Controller::actionNotFound(?string $action) at file:/home/wwwroot/easyswooe/App/HttpController/Base.php line:9]
[2019-06-15 17:10:49][DEBUG][WARNING] : [Declaration of App\HttpController\Base::actionNotFound() should be compatible with EasySwoole\Http\AbstractInterface\Controller::actionNotFound(?string $action) at file:/home/wwwroot/easyswooe/App/HttpController/Base.php line:9]
[2019-06-15 17:10:49][DEBUG][ERROR] : [Class 'App\HttpController\Config' not found at file:/home/wwwroot/easyswooe/App/HttpController/Index.php line:9]
[2019-06-15 17:12:14][DEBUG][WARNING] : [Declaration of App\HttpController\Base::actionNotFound() should be compatible with EasySwoole\Http\AbstractInterface\Controller::actionNotFound(?string $action) at file:/home/wwwroot/easyswooe/App/HttpController/Base.php line:9]
[2019-06-15 17:12:14][DEBUG][ERROR] : [Class 'EasySwoole\Config' not found at file:/home/wwwroot/easyswooe/App/HttpController/Index.php line:11]
[2019-06-15 17:13:26][DEBUG][WARNING] : [Declaration of App\HttpController\Base::actionNotFound() should be compatible with EasySwoole\Http\AbstractInterface\Controller::actionNotFound(?string $action) at file:/home/wwwroot/easyswooe/App/HttpController/Base.php line:9]
[2019-06-15 17:19:11][DEBUG][WARNING] : [Declaration of App\HttpController\Base::actionNotFound() should be compatible with EasySwoole\Http\AbstractInterface\Controller::actionNotFound(?string $action) at file:/home/wwwroot/easyswooe/App/HttpController/Base.php line:9]
[2019-06-15 17:19:11][DEBUG][WARNING] : [Swoole\Http\Response::status() expects parameter 1 to be integer, string given at file:/home/wwwroot/easyswooe/vendor/easyswoole/http/src/Response.php line:43]
[2019-06-15 17:22:08][DEBUG][WARNING] : [Declaration of App\HttpController\Base::actionNotFound() should be compatible with EasySwoole\Http\AbstractInterface\Controller::actionNotFound(?string $action) at file:/home/wwwroot/easyswooe/App/HttpController/Base.php line:9]
[2019-06-15 17:22:08][DEBUG][WARNING] : [Illegal offset type in isset or empty at file:/home/wwwroot/easyswooe/vendor/easyswoole/http/src/Message/Status.php line:124]
[2019-06-15 17:22:08][DEBUG][WARNING] : [Swoole\Http\Response::status() expects parameter 1 to be integer, array given at file:/home/wwwroot/easyswooe/vendor/easyswoole/http/src/Response.php line:43]
[2019-06-15 17:23:47][DEBUG][WARNING] : [Illegal offset type in isset or empty at file:/home/wwwroot/easyswooe/vendor/easyswoole/http/src/Message/Status.php line:124]
[2019-06-15 17:23:47][DEBUG][WARNING] : [Swoole\Http\Response::status() expects parameter 1 to be integer, array given at file:/home/wwwroot/easyswooe/vendor/easyswoole/http/src/Response.php line:43]
[2019-06-15 17:23:47][DEBUG][WARNING] : [Illegal offset type in isset or empty at file:/home/wwwroot/easyswooe/vendor/easyswoole/http/src/Message/Status.php line:124]
[2019-06-15 17:23:47][DEBUG][WARNING] : [Swoole\Http\Response::status() expects parameter 1 to be integer, array given at file:/home/wwwroot/easyswooe/vendor/easyswoole/http/src/Response.php line:43]
[2019-06-15 17:23:48][DEBUG][WARNING] : [Illegal offset type in isset or empty at file:/home/wwwroot/easyswooe/vendor/easyswoole/http/src/Message/Status.php line:124]
[2019-06-15 17:23:48][DEBUG][WARNING] : [Swoole\Http\Response::status() expects parameter 1 to be integer, array given at file:/home/wwwroot/easyswooe/vendor/easyswoole/http/src/Response.php line:43]
[2019-06-15 17:23:48][DEBUG][WARNING] : [Illegal offset type in isset or empty at file:/home/wwwroot/easyswooe/vendor/easyswoole/http/src/Message/Status.php line:124]
[2019-06-15 17:23:48][DEBUG][WARNING] : [Swoole\Http\Response::status() expects parameter 1 to be integer, array given at file:/home/wwwroot/easyswooe/vendor/easyswoole/http/src/Response.php line:43]
[2019-06-15 17:23:48][DEBUG][WARNING] : [Illegal offset type in isset or empty at file:/home/wwwroot/easyswooe/vendor/easyswoole/http/src/Message/Status.php line:124]
[2019-06-15 17:23:48][DEBUG][WARNING] : [Swoole\Http\Response::status() expects parameter 1 to be integer, array given at file:/home/wwwroot/easyswooe/vendor/easyswoole/http/src/Response.php line:43]
[2019-06-15 17:24:01][DEBUG][WARNING] : [Declaration of App\HttpController\Base::actionNotFound() should be compatible with EasySwoole\Http\AbstractInterface\Controller::actionNotFound(?string $action) at file:/home/wwwroot/easyswooe/App/HttpController/Base.php line:9]
[2019-06-15 18:41:56][DEBUG][WARNING] : [Declaration of App\HttpController\Base::actionNotFound() should be compatible with EasySwoole\Http\AbstractInterface\Controller::actionNotFound(?string $action) at file:/home/wwwroot/easyswooe/App/HttpController/Base.php line:9]
[2019-06-15 18:41:56][DEBUG][NOTICE] : [Undefined variable: conf at file:/home/wwwroot/easyswooe/App/HttpController/Index.php line:14]
[2019-06-15 18:42:39][DEBUG][WARNING] : [Declaration of App\HttpController\Base::actionNotFound() should be compatible with EasySwoole\Http\AbstractInterface\Controller::actionNotFound(?string $action) at file:/home/wwwroot/easyswooe/App/HttpController/Base.php line:9]
[2019-06-15 18:42:39][DEBUG][NOTICE] : [Undefined variable: conf at file:/home/wwwroot/easyswooe/App/HttpController/Index.php line:14]
[2019-06-15 19:05:35][DEBUG][WARNING] : [Declaration of App\HttpController\Base::actionNotFound() should be compatible with EasySwoole\Http\AbstractInterface\Controller::actionNotFound(?string $action) at file:/home/wwwroot/easyswooe/App/HttpController/Base.php line:9]
[2019-06-15 19:05:35][DEBUG][ERROR] : [Argument 1 passed to EasySwoole\EasySwoole\Config::load() must be of the type array, string given, called in /home/wwwroot/easyswooe/App/HttpController/Index.php on line 11 at file:/home/wwwroot/easyswooe/vendor/easyswoole/easyswoole/src/Config.php line:92]
[2019-06-15 19:07:18][DEBUG][WARNING] : [Declaration of App\HttpController\Base::actionNotFound() should be compatible with EasySwoole\Http\AbstractInterface\Controller::actionNotFound(?string $action) at file:/home/wwwroot/easyswooe/App/HttpController/Base.php line:9]
[2019-06-15 19:07:18][DEBUG][ERROR] : [Argument 1 passed to EasySwoole\EasySwoole\Config::load() must be of the type array, string given, called in /home/wwwroot/easyswooe/App/HttpController/Index.php on line 11 at file:/home/wwwroot/easyswooe/vendor/easyswoole/easyswoole/src/Config.php line:92]
[2019-06-15 19:08:29][DEBUG][WARNING] : [Declaration of App\HttpController\Base::actionNotFound() should be compatible with EasySwoole\Http\AbstractInterface\Controller::actionNotFound(?string $action) at file:/home/wwwroot/easyswooe/App/HttpController/Base.php line:9]
[2019-06-15 19:08:29][DEBUG][NOTICE] : [Undefined variable: conf at file:/home/wwwroot/easyswooe/App/HttpController/Index.php line:14]
[2019-06-15 19:09:24][DEBUG][WARNING] : [Declaration of App\HttpController\Base::actionNotFound() should be compatible with EasySwoole\Http\AbstractInterface\Controller::actionNotFound(?string $action) at file:/home/wwwroot/easyswooe/App/HttpController/Base.php line:9]
[2019-06-15 19:09:24][DEBUG][NOTICE] : [Undefined variable: conf at file:/home/wwwroot/easyswooe/App/HttpController/Index.php line:14]
[2019-06-15 19:09:26][DEBUG][NOTICE] : [Undefined variable: conf at file:/home/wwwroot/easyswooe/App/HttpController/Index.php line:14]
[2019-06-15 19:09:27][DEBUG][NOTICE] : [Undefined variable: conf at file:/home/wwwroot/easyswooe/App/HttpController/Index.php line:14]
[2019-06-15 19:09:27][DEBUG][NOTICE] : [Undefined variable: conf at file:/home/wwwroot/easyswooe/App/HttpController/Index.php line:14]
[2019-06-15 19:09:27][DEBUG][NOTICE] : [Undefined variable: conf at file:/home/wwwroot/easyswooe/App/HttpController/Index.php line:14]
[2019-06-15 19:10:32][DEBUG][WARNING] : [Declaration of App\HttpController\Base::actionNotFound() should be compatible with EasySwoole\Http\AbstractInterface\Controller::actionNotFound(?string $action) at file:/home/wwwroot/easyswooe/App/HttpController/Base.php line:9]
[2019-06-15 19:10:32][DEBUG][NOTICE] : [Undefined variable: conf at file:/home/wwwroot/easyswooe/App/HttpController/Index.php line:14]
[2019-06-15 19:10:33][DEBUG][NOTICE] : [Undefined variable: conf at file:/home/wwwroot/easyswooe/App/HttpController/Index.php line:14]
[2019-06-15 19:11:29][DEBUG][WARNING] : [Declaration of App\HttpController\Base::actionNotFound() should be compatible with EasySwoole\Http\AbstractInterface\Controller::actionNotFound(?string $action) at file:/home/wwwroot/easyswooe/App/HttpController/Base.php line:9]
[2019-06-15 19:11:29][DEBUG][NOTICE] : [Undefined variable: conf at file:/home/wwwroot/easyswooe/App/HttpController/Index.php line:14]
[2019-06-15 19:11:29][DEBUG][NOTICE] : [Undefined variable: conf at file:/home/wwwroot/easyswooe/App/HttpController/Index.php line:14]
[2019-06-15 19:11:30][DEBUG][NOTICE] : [Undefined variable: conf at file:/home/wwwroot/easyswooe/App/HttpController/Index.php line:14]
[2019-06-15 19:11:30][DEBUG][NOTICE] : [Undefined variable: conf at file:/home/wwwroot/easyswooe/App/HttpController/Index.php line:14]
[2019-06-15 19:11:30][DEBUG][NOTICE] : [Undefined variable: conf at file:/home/wwwroot/easyswooe/App/HttpController/Index.php line:14]
[2019-06-15 19:11:31][DEBUG][NOTICE] : [Undefined variable: conf at file:/home/wwwroot/easyswooe/App/HttpController/Index.php line:14]
[2019-06-15 19:11:31][DEBUG][NOTICE] : [Undefined variable: conf at file:/home/wwwroot/easyswooe/App/HttpController/Index.php line:14]
[2019-06-15 19:11:31][DEBUG][NOTICE] : [Undefined variable: conf at file:/home/wwwroot/easyswooe/App/HttpController/Index.php line:14]
[2019-06-15 19:13:15][DEBUG][WARNING] : [Declaration of App\HttpController\Base::actionNotFound() should be compatible with EasySwoole\Http\AbstractInterface\Controller::actionNotFound(?string $action) at file:/home/wwwroot/easyswooe/App/HttpController/Base.php line:9]
[2019-06-15 19:13:15][DEBUG][NOTICE] : [Undefined variable: conf at file:/home/wwwroot/easyswooe/App/HttpController/Index.php line:14]
[2019-06-15 19:13:16][DEBUG][NOTICE] : [Undefined variable: conf at file:/home/wwwroot/easyswooe/App/HttpController/Index.php line:14]
[2019-06-15 19:13:16][DEBUG][NOTICE] : [Undefined variable: conf at file:/home/wwwroot/easyswooe/App/HttpController/Index.php line:14]
[2019-06-15 19:15:21][DEBUG][WARNING] : [Declaration of App\HttpController\Base::actionNotFound() should be compatible with EasySwoole\Http\AbstractInterface\Controller::actionNotFound(?string $action) at file:/home/wwwroot/easyswooe/App/HttpController/Base.php line:9]
[2019-06-15 19:15:21][DEBUG][NOTICE] : [Undefined variable: conf at file:/home/wwwroot/easyswooe/App/HttpController/Index.php line:14]
[2019-06-15 19:15:23][DEBUG][NOTICE] : [Undefined variable: conf at file:/home/wwwroot/easyswooe/App/HttpController/Index.php line:14]
[2019-06-15 19:15:23][DEBUG][NOTICE] : [Undefined variable: conf at file:/home/wwwroot/easyswooe/App/HttpController/Index.php line:14]
[2019-06-15 19:15:23][DEBUG][NOTICE] : [Undefined variable: conf at file:/home/wwwroot/easyswooe/App/HttpController/Index.php line:14]
[2019-06-15 19:17:40][DEBUG][WARNING] : [Declaration of App\HttpController\Base::actionNotFound() should be compatible with EasySwoole\Http\AbstractInterface\Controller::actionNotFound(?string $action) at file:/home/wwwroot/easyswooe/App/HttpController/Base.php line:9]
[2019-06-15 19:17:40][DEBUG][NOTICE] : [Undefined variable: conf at file:/home/wwwroot/easyswooe/App/HttpController/Index.php line:14]
[2019-06-15 19:17:42][DEBUG][NOTICE] : [Undefined variable: conf at file:/home/wwwroot/easyswooe/App/HttpController/Index.php line:14]
[2019-06-15 19:17:42][DEBUG][NOTICE] : [Undefined variable: conf at file:/home/wwwroot/easyswooe/App/HttpController/Index.php line:14]
[2019-06-15 19:18:33][DEBUG][WARNING] : [Declaration of App\HttpController\Base::actionNotFound() should be compatible with EasySwoole\Http\AbstractInterface\Controller::actionNotFound(?string $action) at file:/home/wwwroot/easyswooe/App/HttpController/Base.php line:9]
[2019-06-15 19:18:33][DEBUG][NOTICE] : [Undefined variable: conf at file:/home/wwwroot/easyswooe/App/HttpController/Index.php line:14]
[2019-06-15 19:18:34][DEBUG][NOTICE] : [Undefined variable: conf at file:/home/wwwroot/easyswooe/App/HttpController/Index.php line:14]
[2019-06-15 19:18:34][DEBUG][NOTICE] : [Undefined variable: conf at file:/home/wwwroot/easyswooe/App/HttpController/Index.php line:14]
[2019-06-15 19:18:34][DEBUG][NOTICE] : [Undefined variable: conf at file:/home/wwwroot/easyswooe/App/HttpController/Index.php line:14]
[2019-06-15 19:18:34][DEBUG][NOTICE] : [Undefined variable: conf at file:/home/wwwroot/easyswooe/App/HttpController/Index.php line:14]
[2019-06-15 19:20:27][DEBUG][WARNING] : [Declaration of App\HttpController\Base::actionNotFound() should be compatible with EasySwoole\Http\AbstractInterface\Controller::actionNotFound(?string $action) at file:/home/wwwroot/easyswooe/App/HttpController/Base.php line:9]
[2019-06-15 19:20:27][DEBUG][NOTICE] : [Undefined variable: conf at file:/home/wwwroot/easyswooe/App/HttpController/Index.php line:14]
[2019-06-15 19:21:47][DEBUG][WARNING] : [Declaration of App\HttpController\Base::actionNotFound() should be compatible with EasySwoole\Http\AbstractInterface\Controller::actionNotFound(?string $action) at file:/home/wwwroot/easyswooe/App/HttpController/Base.php line:9]
[2019-06-15 19:21:47][DEBUG][NOTICE] : [Undefined variable: conf at file:/home/wwwroot/easyswooe/App/HttpController/Index.php line:15]
[2019-06-15 19:23:05][DEBUG][WARNING] : [Declaration of App\HttpController\Base::actionNotFound() should be compatible with EasySwoole\Http\AbstractInterface\Controller::actionNotFound(?string $action) at file:/home/wwwroot/easyswooe/App/HttpController/Base.php line:9]
[2019-06-15 19:38:28][DEBUG][WARNING] : [Declaration of App\HttpController\Base::actionNotFound() should be compatible with EasySwoole\Http\AbstractInterface\Controller::actionNotFound(?string $action) at file:/home/wwwroot/easyswooe/App/HttpController/Base.php line:9]
[2019-06-15 19:39:59][DEBUG][WARNING] : [Declaration of App\HttpController\Base::actionNotFound() should be compatible with EasySwoole\Http\AbstractInterface\Controller::actionNotFound(?string $action) at file:/home/wwwroot/easyswooe/App/HttpController/Base.php line:9]
[2019-06-15 19:42:27][DEBUG][WARNING] : [Declaration of App\HttpController\Base::actionNotFound() should be compatible with EasySwoole\Http\AbstractInterface\Controller::actionNotFound(?string $action) at file:/home/wwwroot/easyswooe/App/HttpController/Base.php line:9]
[2019-06-15 19:44:12][DEBUG][WARNING] : [Declaration of App\HttpController\Base::actionNotFound() should be compatible with EasySwoole\Http\AbstractInterface\Controller::actionNotFound(?string $action) at file:/home/wwwroot/easyswooe/App/HttpController/Base.php line:9]
[2019-06-15 19:46:10][DEBUG][WARNING] : [Declaration of App\HttpController\Base::actionNotFound() should be compatible with EasySwoole\Http\AbstractInterface\Controller::actionNotFound(?string $action) at file:/home/wwwroot/easyswooe/App/HttpController/Base.php line:9]
[2019-06-15 19:47:39][DEBUG][WARNING] : [Declaration of App\HttpController\Base::actionNotFound() should be compatible with EasySwoole\Http\AbstractInterface\Controller::actionNotFound(?string $action) at file:/home/wwwroot/easyswooe/App/HttpController/Base.php line:9]
[2019-06-15 19:48:07][DEBUG][WARNING] : [Declaration of App\HttpController\Base::actionNotFound() should be compatible with EasySwoole\Http\AbstractInterface\Controller::actionNotFound(?string $action) at file:/home/wwwroot/easyswooe/App/HttpController/Base.php line:9]
[2019-06-15 19:56:58][DEBUG][NOTICE] : [Undefined index: PORT at file:/home/wwwroot/easyswooe/vendor/easyswoole/easyswoole/src/Core.php line:117]
[2019-06-15 19:56:58][DEBUG][NOTICE] : [Undefined index: SERVER_TYPE at file:/home/wwwroot/easyswooe/vendor/easyswoole/easyswoole/src/Core.php line:117]
[2019-06-15 19:56:58][DEBUG][NOTICE] : [Undefined index: LISTEN_ADDRESS at file:/home/wwwroot/easyswooe/vendor/easyswoole/easyswoole/src/Core.php line:117]
[2019-06-15 19:56:58][DEBUG][NOTICE] : [Undefined index: RUN_MODEL at file:/home/wwwroot/easyswooe/vendor/easyswoole/easyswoole/src/Core.php line:117]
[2019-06-15 19:56:58][DEBUG][NOTICE] : [Undefined index: SOCK_TYPE at file:/home/wwwroot/easyswooe/vendor/easyswoole/easyswoole/src/Core.php line:117]
[2019-06-15 19:56:58][DEBUG][ERROR] : ["unknown server type :{$type}" at file:/home/wwwroot/easyswooe/vendor/easyswoole/easyswoole/src/ServerManager.php line:68]
[2019-06-15 19:56:58][DEBUG][NOTICE] : [Undefined index: SERVER_TYPE at file:/home/wwwroot/easyswooe/vendor/easyswoole/easyswoole/src/Core.php line:119]
[2019-06-15 19:56:58][DEBUG][ERROR] : [Uncaught TypeError: Argument 1 passed to EasySwoole\EasySwoole\Core::registerDefaultCallBack() must be an instance of Swoole\Server, null given, called in /home/wwwroot/easyswooe/vendor/easyswoole/easyswoole/src/Core.php on line 119 and defined in /home/wwwroot/easyswooe/vendor/easyswoole/easyswoole/src/Core.php:219
Stack trace:
#0 /home/wwwroot/easyswooe/vendor/easyswoole/easyswoole/src/Core.php(119): EasySwoole\EasySwoole\Core->registerDefaultCallBack(NULL, NULL)
#1 /home/wwwroot/easyswooe/vendor/easyswoole/easyswoole/src/Command/DefaultCommand/Start.php(42): EasySwoole\EasySwoole\Core->createServer()
#2 /home/wwwroot/easyswooe/vendor/easyswoole/easyswoole/src/Command/CommandContainer.php(44): EasySwoole\EasySwoole\Command\DefaultCommand\Start->exec(Array)
#3 /home/wwwroot/easyswooe/vendor/easyswoole/easyswoole/src/Command/CommandRunner.php(52): EasySwoole\EasySwoole\Command\CommandContainer->hook('start', Array)
#4 /home/wwwroot/easyswooe/easyswoole(20): EasySwoole\EasySwoole\Command\CommandRunner->run(Arr at file:/home/wwwroot/easyswooe/vendor/easyswoole/easyswoole/src/Core.php line:219]
[2019-06-15 20:00:18][DEBUG][WARNING] : [Declaration of App\HttpController\Base::actionNotFound() should be compatible with EasySwoole\Http\AbstractInterface\Controller::actionNotFound(?string $action) at file:/home/wwwroot/easyswooe/App/HttpController/Base.php line:9]
[2019-06-15 20:02:39][DEBUG][WARNING] : [Declaration of App\HttpController\Base::actionNotFound() should be compatible with EasySwoole\Http\AbstractInterface\Controller::actionNotFound(?string $action) at file:/home/wwwroot/easyswooe/App/HttpController/Base.php line:9]
[2019-06-15 20:02:56][DEBUG][WARNING] : [Declaration of App\HttpController\Base::actionNotFound() should be compatible with EasySwoole\Http\AbstractInterface\Controller::actionNotFound(?string $action) at file:/home/wwwroot/easyswooe/App/HttpController/Base.php line:9]
[2019-06-15 20:04:06][DEBUG][WARNING] : [Declaration of App\HttpController\Base::actionNotFound() should be compatible with EasySwoole\Http\AbstractInterface\Controller::actionNotFound(?string $action) at file:/home/wwwroot/easyswooe/App/HttpController/Base.php line:9]
[2019-06-15 22:15:28][DEBUG][WARNING] : [Declaration of App\HttpController\Base::actionNotFound() should be compatible with EasySwoole\Http\AbstractInterface\Controller::actionNotFound(?string $action) at file:/home/wwwroot/easyswooe/App/HttpController/Base.php line:9]
[2019-06-15 22:29:26][DEBUG][WARNING] : [Declaration of App\HttpController\Base::actionNotFound() should be compatible with EasySwoole\Http\AbstractInterface\Controller::actionNotFound(?string $action) at file:/home/wwwroot/easyswooe/App/HttpController/Base.php line:9]
[2019-06-15 22:29:27][DEBUG][WARNING] : [Declaration of App\HttpController\Base::actionNotFound() should be compatible with EasySwoole\Http\AbstractInterface\Controller::actionNotFound(?string $action) at file:/home/wwwroot/easyswooe/App/HttpController/Base.php line:9]
[2019-06-15 22:30:25][DEBUG][WARNING] : [Declaration of App\HttpController\Base::actionNotFound() should be compatible with EasySwoole\Http\AbstractInterface\Controller::actionNotFound(?string $action) at file:/home/wwwroot/easyswooe/App/HttpController/Base.php line:9]
[2019-06-15 22:32:58][DEBUG][WARNING] : [Declaration of App\HttpController\Base::actionNotFound() should be compatible with EasySwoole\Http\AbstractInterface\Controller::actionNotFound(?string $action) at file:/home/wwwroot/easyswooe/App/HttpController/Base.php line:9]
[2019-06-15 22:35:31][DEBUG][WARNING] : [Declaration of App\HttpController\Base::actionNotFound() should be compatible with EasySwoole\Http\AbstractInterface\Controller::actionNotFound(?string $action) at file:/home/wwwroot/easyswooe/App/HttpController/Base.php line:9]
[2019-06-15 22:39:07][DEBUG][WARNING] : [Declaration of App\HttpController\Base::actionNotFound() should be compatible with EasySwoole\Http\AbstractInterface\Controller::actionNotFound(?string $action) at file:/home/wwwroot/easyswooe/App/HttpController/Base.php line:9]
[2019-06-15 22:39:07][DEBUG][ERROR] : [Table 'chat.test' doesn't exist query: SELECT  * FROM test at file:/home/wwwroot/easyswooe/vendor/easyswoole/mysqli/src/Mysqli.php line:1511]
[2019-06-15 22:43:12][DEBUG][WARNING] : [Declaration of App\HttpController\Base::actionNotFound() should be compatible with EasySwoole\Http\AbstractInterface\Controller::actionNotFound(?string $action) at file:/home/wwwroot/easyswooe/App/HttpController/Base.php line:9]
[2019-06-15 23:22:57][DEBUG][WARNING] : [Declaration of App\HttpController\Base::actionNotFound() should be compatible with EasySwoole\Http\AbstractInterface\Controller::actionNotFound(?string $action) at file:/home/wwwroot/easyswooe/App/HttpController/Base.php line:9]
[2019-06-15 23:22:57][DEBUG][ERROR] : [Class 'App\Utility\Pool\MysqlObject' not found at file:/home/wwwroot/easyswooe/App/Utility/Pool/MysqlPool.php line:25]
[2019-06-15 23:23:19][DEBUG][WARNING] : [Declaration of App\HttpController\Base::actionNotFound() should be compatible with EasySwoole\Http\AbstractInterface\Controller::actionNotFound(?string $action) at file:/home/wwwroot/easyswooe/App/HttpController/Base.php line:9]
[2019-06-15 23:23:19][DEBUG][ERROR] : [Class 'App\Utility\Pool\MysqlObject' not found at file:/home/wwwroot/easyswooe/App/Utility/Pool/MysqlPool.php line:25]
[2019-06-15 23:25:55][DEBUG][WARNING] : [Declaration of App\HttpController\Base::actionNotFound() should be compatible with EasySwoole\Http\AbstractInterface\Controller::actionNotFound(?string $action) at file:/home/wwwroot/easyswooe/App/HttpController/Base.php line:9]
[2019-06-15 23:25:55][DEBUG][ERROR] : [Call to undefined method App\Model\User::getAll() at file:/home/wwwroot/easyswooe/App/HttpController/Index.php line:28]
[2019-06-15 23:27:12][DEBUG][WARNING] : [Declaration of App\HttpController\Base::actionNotFound() should be compatible with EasySwoole\Http\AbstractInterface\Controller::actionNotFound(?string $action) at file:/home/wwwroot/easyswooe/App/HttpController/Base.php line:9]
[2019-06-15 23:27:12][DEBUG][ERROR] : [Call to undefined method App\Model\User::getAll() at file:/home/wwwroot/easyswooe/App/HttpController/Index.php line:28]
[2019-06-15 23:27:14][DEBUG][WARNING] : [Declaration of App\HttpController\Base::actionNotFound() should be compatible with EasySwoole\Http\AbstractInterface\Controller::actionNotFound(?string $action) at file:/home/wwwroot/easyswooe/App/HttpController/Base.php line:9]
[2019-06-15 23:27:14][DEBUG][ERROR] : [Call to undefined method App\Model\User::getAll() at file:/home/wwwroot/easyswooe/App/HttpController/Index.php line:28]
[2019-06-15 23:27:33][DEBUG][WARNING] : [Declaration of App\HttpController\Base::actionNotFound() should be compatible with EasySwoole\Http\AbstractInterface\Controller::actionNotFound(?string $action) at file:/home/wwwroot/easyswooe/App/HttpController/Base.php line:9]
[2019-06-15 23:31:53][DEBUG][WARNING] : [Declaration of App\HttpController\Base::actionNotFound() should be compatible with EasySwoole\Http\AbstractInterface\Controller::actionNotFound(?string $action) at file:/home/wwwroot/easyswooe/App/HttpController/Base.php line:9]
[2019-06-15 23:31:53][DEBUG][ERROR] : [Unknown column 'member_id' in 'order clause' query: SELECT SQL_CALC_FOUND_ROWS * FROM users WHERE  name <> ?  ORDER BY member_id DESC  LIMIT 0, 10 at file:/home/wwwroot/easyswooe/vendor/easyswoole/mysqli/src/Mysqli.php line:1511]
[2019-06-15 23:33:55][DEBUG][WARNING] : [Declaration of App\HttpController\Base::actionNotFound() should be compatible with EasySwoole\Http\AbstractInterface\Controller::actionNotFound(?string $action) at file:/home/wwwroot/easyswooe/App/HttpController/Base.php line:9]
[2019-06-15 23:37:18][DEBUG][WARNING] : [Declaration of App\HttpController\Base::actionNotFound() should be compatible with EasySwoole\Http\AbstractInterface\Controller::actionNotFound(?string $action) at file:/home/wwwroot/easyswooe/App/HttpController/Base.php line:9]
[2019-06-15 23:40:02][DEBUG][WARNING] : [Declaration of App\HttpController\Base::actionNotFound() should be compatible with EasySwoole\Http\AbstractInterface\Controller::actionNotFound(?string $action) at file:/home/wwwroot/easyswooe/App/HttpController/Base.php line:9]
[2019-06-16 00:25:06][DEBUG][WARNING] : [Declaration of App\HttpController\Base::actionNotFound() should be compatible with EasySwoole\Http\AbstractInterface\Controller::actionNotFound(?string $action) at file:/home/wwwroot/easyswooe/App/HttpController/Base.php line:9]
[2019-06-16 00:25:21][DEBUG][WARNING] : [Declaration of App\HttpController\Base::actionNotFound() should be compatible with EasySwoole\Http\AbstractInterface\Controller::actionNotFound(?string $action) at file:/home/wwwroot/easyswooe/App/HttpController/Base.php line:9]
[2019-06-16 00:30:40][DEBUG][WARNING] : [Declaration of App\HttpController\Base::actionNotFound() should be compatible with EasySwoole\Http\AbstractInterface\Controller::actionNotFound(?string $action) at file:/home/wwwroot/easyswooe/App/HttpController/Base.php line:9]
[2019-06-16 00:39:37][DEBUG][WARNING] : [Declaration of App\HttpController\Base::actionNotFound() should be compatible with EasySwoole\Http\AbstractInterface\Controller::actionNotFound(?string $action) at file:/home/wwwroot/easyswooe/App/HttpController/Base.php line:9]
[2019-06-16 00:39:40][DEBUG][WARNING] : [Declaration of App\HttpController\Base::actionNotFound() should be compatible with EasySwoole\Http\AbstractInterface\Controller::actionNotFound(?string $action) at file:/home/wwwroot/easyswooe/App/HttpController/Base.php line:9]
[2019-06-16 00:45:57][DEBUG][WARNING] : [Declaration of App\HttpController\Base::actionNotFound() should be compatible with EasySwoole\Http\AbstractInterface\Controller::actionNotFound(?string $action) at file:/home/wwwroot/easyswooe/App/HttpController/Base.php line:9]
[2019-06-16 00:46:12][DEBUG][WARNING] : [Declaration of App\HttpController\Base::actionNotFound() should be compatible with EasySwoole\Http\AbstractInterface\Controller::actionNotFound(?string $action) at file:/home/wwwroot/easyswooe/App/HttpController/Base.php line:9]
[2019-06-16 00:56:29][DEBUG][WARNING] : [Declaration of App\HttpController\Base::actionNotFound() should be compatible with EasySwoole\Http\AbstractInterface\Controller::actionNotFound(?string $action) at file:/home/wwwroot/easyswooe/App/HttpController/Base.php line:9]
[2019-06-16 00:59:54][DEBUG][WARNING] : [Declaration of App\HttpController\Base::actionNotFound() should be compatible with EasySwoole\Http\AbstractInterface\Controller::actionNotFound(?string $action) at file:/home/wwwroot/easyswooe/App/HttpController/Base.php line:9]
[2019-06-16 01:00:08][DEBUG][WARNING] : [Declaration of App\HttpController\Base::actionNotFound() should be compatible with EasySwoole\Http\AbstractInterface\Controller::actionNotFound(?string $action) at file:/home/wwwroot/easyswooe/App/HttpController/Base.php line:9]
[2019-06-16 01:00:38][DEBUG][WARNING] : [Declaration of App\HttpController\Base::actionNotFound() should be compatible with EasySwoole\Http\AbstractInterface\Controller::actionNotFound(?string $action) at file:/home/wwwroot/easyswooe/App/HttpController/Base.php line:9]
[2019-06-16 01:02:00][DEBUG][WARNING] : [Declaration of App\HttpController\Base::actionNotFound() should be compatible with EasySwoole\Http\AbstractInterface\Controller::actionNotFound(?string $action) at file:/home/wwwroot/easyswooe/App/HttpController/Base.php line:9]
[2019-06-16 01:03:03][DEBUG][WARNING] : [Declaration of App\HttpController\Base::actionNotFound() should be compatible with EasySwoole\Http\AbstractInterface\Controller::actionNotFound(?string $action) at file:/home/wwwroot/easyswooe/App/HttpController/Base.php line:9]
[2019-06-16 01:03:16][DEBUG][WARNING] : [Declaration of App\HttpController\Base::actionNotFound() should be compatible with EasySwoole\Http\AbstractInterface\Controller::actionNotFound(?string $action) at file:/home/wwwroot/easyswooe/App/HttpController/Base.php line:9]
[2019-06-16 01:05:42][DEBUG][WARNING] : [Declaration of App\HttpController\Base::actionNotFound() should be compatible with EasySwoole\Http\AbstractInterface\Controller::actionNotFound(?string $action) at file:/home/wwwroot/easyswooe/App/HttpController/Base.php line:9]
[2019-06-16 01:21:46][DEBUG][WARNING] : [Declaration of App\HttpController\Base::actionNotFound() should be compatible with EasySwoole\Http\AbstractInterface\Controller::actionNotFound(?string $action) at file:/home/wwwroot/easyswooe/App/HttpController/Base.php line:9]
[2019-06-16 01:24:44][DEBUG][WARNING] : [Declaration of App\HttpController\Base::actionNotFound() should be compatible with EasySwoole\Http\AbstractInterface\Controller::actionNotFound(?string $action) at file:/home/wwwroot/easyswooe/App/HttpController/Base.php line:9]
[2019-06-16 01:27:54][DEBUG][WARNING] : [Declaration of App\HttpController\Base::actionNotFound() should be compatible with EasySwoole\Http\AbstractInterface\Controller::actionNotFound(?string $action) at file:/home/wwwroot/easyswooe/App/HttpController/Base.php line:9]
[2019-06-16 01:45:21][DEBUG][WARNING] : [Declaration of App\HttpController\Base::actionNotFound() should be compatible with EasySwoole\Http\AbstractInterface\Controller::actionNotFound(?string $action) at file:/home/wwwroot/easyswooe/App/HttpController/Base.php line:9]
[2019-06-16 01:47:58][DEBUG][WARNING] : [Declaration of App\HttpController\Base::actionNotFound() should be compatible with EasySwoole\Http\AbstractInterface\Controller::actionNotFound(?string $action) at file:/home/wwwroot/easyswooe/App/HttpController/Base.php line:9]
[2019-06-16 01:52:19][DEBUG][WARNING] : [Declaration of App\HttpController\Base::actionNotFound() should be compatible with EasySwoole\Http\AbstractInterface\Controller::actionNotFound(?string $action) at file:/home/wwwroot/easyswooe/App/HttpController/Base.php line:9]
[2019-06-16 01:54:25][DEBUG][WARNING] : [Declaration of App\HttpController\Base::actionNotFound() should be compatible with EasySwoole\Http\AbstractInterface\Controller::actionNotFound(?string $action) at file:/home/wwwroot/easyswooe/App/HttpController/Base.php line:9]
[2019-06-16 01:54:25][DEBUG][NOTICE] : [Undefined variable:  at file:/home/wwwroot/easyswooe/App/Model/BaseModel.php line:32]
[2019-06-16 01:56:25][DEBUG][WARNING] : [Declaration of App\HttpController\Base::actionNotFound() should be compatible with EasySwoole\Http\AbstractInterface\Controller::actionNotFound(?string $action) at file:/home/wwwroot/easyswooe/App/HttpController/Base.php line:9]
[2019-06-16 01:56:25][DEBUG][NOTICE] : [Undefined variable:  at file:/home/wwwroot/easyswooe/App/Model/BaseModel.php line:32]
[2019-06-16 01:56:28][DEBUG][NOTICE] : [Undefined variable: SELECT  * FROM users WHERE  name <> ''  LIMIT 0, 10 at file:/home/wwwroot/easyswooe/App/Model/BaseModel.php line:32]
[2019-06-16 01:56:28][DEBUG][NOTICE] : [Undefined variable: SELECT  * FROM users WHERE  name <> ''  LIMIT 0, 10 at file:/home/wwwroot/easyswooe/App/Model/BaseModel.php line:32]
[2019-06-16 01:56:32][DEBUG][NOTICE] : [Undefined variable: SELECT  * FROM users WHERE  name <> ''  LIMIT 0, 10 at file:/home/wwwroot/easyswooe/App/Model/BaseModel.php line:32]
[2019-06-16 01:57:50][DEBUG][WARNING] : [Declaration of App\HttpController\Base::actionNotFound() should be compatible with EasySwoole\Http\AbstractInterface\Controller::actionNotFound(?string $action) at file:/home/wwwroot/easyswooe/App/HttpController/Base.php line:9]
[2019-06-16 01:57:50][DEBUG][NOTICE] : [Undefined variable:  at file:/home/wwwroot/easyswooe/App/Model/BaseModel.php line:32]
[2019-06-16 01:58:05][DEBUG][WARNING] : [Declaration of App\HttpController\Base::actionNotFound() should be compatible with EasySwoole\Http\AbstractInterface\Controller::actionNotFound(?string $action) at file:/home/wwwroot/easyswooe/App/HttpController/Base.php line:9]
[2019-06-16 01:58:05][DEBUG][NOTICE] : [Undefined variable: SELECT  * FROM users WHERE  name <> ''  LIMIT 0, 10 at file:/home/wwwroot/easyswooe/App/Model/BaseModel.php line:33]
[2019-06-16 01:58:06][DEBUG][NOTICE] : [Undefined variable: SELECT  * FROM users WHERE  name <> ''  LIMIT 0, 10 at file:/home/wwwroot/easyswooe/App/Model/BaseModel.php line:33]
[2019-06-16 01:58:07][DEBUG][NOTICE] : [Undefined variable: SELECT  * FROM users WHERE  name <> ''  LIMIT 0, 10 at file:/home/wwwroot/easyswooe/App/Model/BaseModel.php line:33]
[2019-06-16 01:58:07][DEBUG][NOTICE] : [Undefined variable: SELECT  * FROM users WHERE  name <> ''  LIMIT 0, 10 at file:/home/wwwroot/easyswooe/App/Model/BaseModel.php line:33]
[2019-06-16 01:58:07][DEBUG][NOTICE] : [Undefined variable: SELECT  * FROM users WHERE  name <> ''  LIMIT 0, 10 at file:/home/wwwroot/easyswooe/App/Model/BaseModel.php line:33]
[2019-06-16 01:58:07][DEBUG][NOTICE] : [Undefined variable: SELECT  * FROM users WHERE  name <> ''  LIMIT 0, 10 at file:/home/wwwroot/easyswooe/App/Model/BaseModel.php line:33]
[2019-06-16 01:58:08][DEBUG][NOTICE] : [Undefined variable: SELECT  * FROM users WHERE  name <> ''  LIMIT 0, 10 at file:/home/wwwroot/easyswooe/App/Model/BaseModel.php line:33]
[2019-06-16 01:58:08][DEBUG][NOTICE] : [Undefined variable: SELECT  * FROM users WHERE  name <> ''  LIMIT 0, 10 at file:/home/wwwroot/easyswooe/App/Model/BaseModel.php line:33]
[2019-06-16 01:58:08][DEBUG][NOTICE] : [Undefined variable: SELECT  * FROM users WHERE  name <> ''  LIMIT 0, 10 at file:/home/wwwroot/easyswooe/App/Model/BaseModel.php line:33]
[2019-06-16 01:58:08][DEBUG][NOTICE] : [Undefined variable: SELECT  * FROM users WHERE  name <> ''  LIMIT 0, 10 at file:/home/wwwroot/easyswooe/App/Model/BaseModel.php line:33]
[2019-06-16 01:58:09][DEBUG][NOTICE] : [Undefined variable: SELECT  * FROM users WHERE  name <> ''  LIMIT 0, 10 at file:/home/wwwroot/easyswooe/App/Model/BaseModel.php line:33]
[2019-06-16 01:58:09][DEBUG][NOTICE] : [Undefined variable: SELECT  * FROM users WHERE  name <> ''  LIMIT 0, 10 at file:/home/wwwroot/easyswooe/App/Model/BaseModel.php line:33]
[2019-06-16 01:58:10][DEBUG][NOTICE] : [Undefined variable: SELECT  * FROM users WHERE  name <> ''  LIMIT 0, 10 at file:/home/wwwroot/easyswooe/App/Model/BaseModel.php line:33]
[2019-06-16 01:58:10][DEBUG][NOTICE] : [Undefined variable: SELECT  * FROM users WHERE  name <> ''  LIMIT 0, 10 at file:/home/wwwroot/easyswooe/App/Model/BaseModel.php line:33]
[2019-06-16 01:58:10][DEBUG][NOTICE] : [Undefined variable: SELECT  * FROM users WHERE  name <> ''  LIMIT 0, 10 at file:/home/wwwroot/easyswooe/App/Model/BaseModel.php line:33]
[2019-06-16 01:58:47][DEBUG][WARNING] : [Declaration of App\HttpController\Base::actionNotFound() should be compatible with EasySwoole\Http\AbstractInterface\Controller::actionNotFound(?string $action) at file:/home/wwwroot/easyswooe/App/HttpController/Base.php line:9]
[2019-06-16 02:00:51][DEBUG][WARNING] : [Declaration of App\HttpController\Base::actionNotFound() should be compatible with EasySwoole\Http\AbstractInterface\Controller::actionNotFound(?string $action) at file:/home/wwwroot/easyswooe/App/HttpController/Base.php line:9]
[2019-06-16 02:02:04][DEBUG][WARNING] : [Declaration of App\HttpController\Base::actionNotFound() should be compatible with EasySwoole\Http\AbstractInterface\Controller::actionNotFound(?string $action) at file:/home/wwwroot/easyswooe/App/HttpController/Base.php line:9]
[2019-06-16 02:02:10][DEBUG][WARNING] : [Declaration of App\HttpController\Base::actionNotFound() should be compatible with EasySwoole\Http\AbstractInterface\Controller::actionNotFound(?string $action) at file:/home/wwwroot/easyswooe/App/HttpController/Base.php line:9]
[2019-06-16 02:08:21][DEBUG][WARNING] : [Declaration of App\HttpController\Base::actionNotFound() should be compatible with EasySwoole\Http\AbstractInterface\Controller::actionNotFound(?string $action) at file:/home/wwwroot/easyswooe/App/HttpController/Base.php line:9]
[2019-06-16 02:36:50][DEBUG][WARNING] : [Declaration of App\HttpController\Base::actionNotFound() should be compatible with EasySwoole\Http\AbstractInterface\Controller::actionNotFound(?string $action) at file:/home/wwwroot/easyswooe/App/HttpController/Base.php line:9]
[2019-06-16 02:37:05][DEBUG][WARNING] : [Declaration of App\HttpController\Base::actionNotFound() should be compatible with EasySwoole\Http\AbstractInterface\Controller::actionNotFound(?string $action) at file:/home/wwwroot/easyswooe/App/HttpController/Base.php line:9]
[2019-06-16 13:12:52][DEBUG][WARNING] : [Declaration of App\HttpController\Base::actionNotFound() should be compatible with EasySwoole\Http\AbstractInterface\Controller::actionNotFound(?string $action) at file:/home/wwwroot/easyswooe/App/HttpController/Base.php line:9]
[2019-06-16 13:15:23][DEBUG][WARNING] : [Declaration of App\HttpController\Base::actionNotFound() should be compatible with EasySwoole\Http\AbstractInterface\Controller::actionNotFound(?string $action) at file:/home/wwwroot/easyswooe/App/HttpController/Base.php line:9]
[2019-06-16 13:26:06][DEBUG][WARNING] : [Declaration of App\HttpController\Base::actionNotFound() should be compatible with EasySwoole\Http\AbstractInterface\Controller::actionNotFound(?string $action) at file:/home/wwwroot/easyswooe/App/HttpController/Base.php line:9]
[2019-06-16 13:26:06][DEBUG][ERROR] : [Class 'App\HttpController\Status' not found at file:/home/wwwroot/easyswooe/App/HttpController/Index.php line:72]
[2019-06-16 13:30:21][DEBUG][WARNING] : [Declaration of App\HttpController\Base::actionNotFound() should be compatible with EasySwoole\Http\AbstractInterface\Controller::actionNotFound(?string $action) at file:/home/wwwroot/easyswooe/App/HttpController/Base.php line:9]
[2019-06-16 13:31:49][DEBUG][WARNING] : [Declaration of App\HttpController\Base::actionNotFound() should be compatible with EasySwoole\Http\AbstractInterface\Controller::actionNotFound(?string $action) at file:/home/wwwroot/easyswooe/App/HttpController/Base.php line:9]
[2019-06-16 13:59:48][DEBUG][WARNING] : [Declaration of App\HttpController\Base::actionNotFound() should be compatible with EasySwoole\Http\AbstractInterface\Controller::actionNotFound(?string $action) at file:/home/wwwroot/easyswooe/App/HttpController/Base.php line:9]
[2019-06-16 14:01:31][DEBUG][WARNING] : [Declaration of App\HttpController\Base::actionNotFound() should be compatible with EasySwoole\Http\AbstractInterface\Controller::actionNotFound(?string $action) at file:/home/wwwroot/easyswooe/App/HttpController/Base.php line:9]
[2019-06-16 14:23:23][DEBUG][WARNING] : [Declaration of App\HttpController\Base::actionNotFound() should be compatible with EasySwoole\Http\AbstractInterface\Controller::actionNotFound(?string $action) at file:/home/wwwroot/easyswooe/App/HttpController/Base.php line:9]
[2019-06-16 14:35:46][DEBUG][WARNING] : [Declaration of App\HttpController\Base::actionNotFound() should be compatible with EasySwoole\Http\AbstractInterface\Controller::actionNotFound(?string $action) at file:/home/wwwroot/easyswooe/App/HttpController/Base.php line:9]
[2019-06-16 14:42:29][DEBUG][WARNING] : [Declaration of App\HttpController\Base::actionNotFound() should be compatible with EasySwoole\Http\AbstractInterface\Controller::actionNotFound(?string $action) at file:/home/wwwroot/easyswooe/App/HttpController/Base.php line:9]
[2019-06-16 14:43:43][DEBUG][WARNING] : [Declaration of App\HttpController\Base::actionNotFound() should be compatible with EasySwoole\Http\AbstractInterface\Controller::actionNotFound(?string $action) at file:/home/wwwroot/easyswooe/App/HttpController/Base.php line:9]
[2019-06-16 14:55:41][DEBUG][WARNING] : [Declaration of App\HttpController\Base::actionNotFound() should be compatible with EasySwoole\Http\AbstractInterface\Controller::actionNotFound(?string $action) at file:/home/wwwroot/easyswooe/App/HttpController/Base.php line:9]
[2019-06-16 15:04:07][DEBUG][WARNING] : [Declaration of App\HttpController\Base::actionNotFound() should be compatible with EasySwoole\Http\AbstractInterface\Controller::actionNotFound(?string $action) at file:/home/wwwroot/easyswooe/App/HttpController/Base.php line:9]
[2019-06-16 15:05:40][DEBUG][WARNING] : [Declaration of App\HttpController\Base::actionNotFound() should be compatible with EasySwoole\Http\AbstractInterface\Controller::actionNotFound(?string $action) at file:/home/wwwroot/easyswooe/App/HttpController/Base.php line:9]
[2019-06-16 15:05:41][DEBUG][WARNING] : [Declaration of App\HttpController\Base::actionNotFound() should be compatible with EasySwoole\Http\AbstractInterface\Controller::actionNotFound(?string $action) at file:/home/wwwroot/easyswooe/App/HttpController/Base.php line:9]
[2019-06-16 15:07:11][DEBUG][ERROR] : [Uncaught Error: Class 'EasySwoole\EasySwoole\WebSocketParser' not found in /home/wwwroot/easyswooe/EasySwooleEvent.php:56
Stack trace:
#0 /home/wwwroot/easyswooe/vendor/easyswoole/easyswoole/src/Core.php(121): EasySwoole\EasySwoole\EasySwooleEvent::mainServerCreate(Object(EasySwoole\EasySwoole\Swoole\EventRegister))
#1 /home/wwwroot/easyswooe/vendor/easyswoole/easyswoole/src/Command/DefaultCommand/Start.php(42): EasySwoole\EasySwoole\Core->createServer()
#2 /home/wwwroot/easyswooe/vendor/easyswoole/easyswoole/src/Command/CommandContainer.php(44): EasySwoole\EasySwoole\Command\DefaultCommand\Start->exec(Array)
#3 /home/wwwroot/easyswooe/vendor/easyswoole/easyswoole/src/Command/CommandRunner.php(52): EasySwoole\EasySwoole\Command\CommandContainer->hook('start', Array)
#4 /home/wwwroot/easyswooe/easyswoole(20): EasySwoole\EasySwoole\Command\CommandRunner->run(Array)
#5 {main}
  thrown at file:/home/wwwroot/easyswooe/EasySwooleEvent.php line:56]
[2019-06-16 15:09:21][DEBUG][ERROR] : [Uncaught Error: Class 'EasySwoole\EasySwoole\Dispatcher' not found in /home/wwwroot/easyswooe/EasySwooleEvent.php:59
Stack trace:
#0 /home/wwwroot/easyswooe/vendor/easyswoole/easyswoole/src/Core.php(121): EasySwoole\EasySwoole\EasySwooleEvent::mainServerCreate(Object(EasySwoole\EasySwoole\Swoole\EventRegister))
#1 /home/wwwroot/easyswooe/vendor/easyswoole/easyswoole/src/Command/DefaultCommand/Start.php(42): EasySwoole\EasySwoole\Core->createServer()
#2 /home/wwwroot/easyswooe/vendor/easyswoole/easyswoole/src/Command/CommandContainer.php(44): EasySwoole\EasySwoole\Command\DefaultCommand\Start->exec(Array)
#3 /home/wwwroot/easyswooe/vendor/easyswoole/easyswoole/src/Command/CommandRunner.php(52): EasySwoole\EasySwoole\Command\CommandContainer->hook('start', Array)
#4 /home/wwwroot/easyswooe/easyswoole(20): EasySwoole\EasySwoole\Command\CommandRunner->run(Array)
#5 {main}
  thrown at file:/home/wwwroot/easyswooe/EasySwooleEvent.php line:59]
[2019-06-16 15:09:23][DEBUG][ERROR] : [Uncaught Error: Class 'EasySwoole\EasySwoole\Dispatcher' not found in /home/wwwroot/easyswooe/EasySwooleEvent.php:59
Stack trace:
#0 /home/wwwroot/easyswooe/vendor/easyswoole/easyswoole/src/Core.php(121): EasySwoole\EasySwoole\EasySwooleEvent::mainServerCreate(Object(EasySwoole\EasySwoole\Swoole\EventRegister))
#1 /home/wwwroot/easyswooe/vendor/easyswoole/easyswoole/src/Command/DefaultCommand/Start.php(42): EasySwoole\EasySwoole\Core->createServer()
#2 /home/wwwroot/easyswooe/vendor/easyswoole/easyswoole/src/Command/CommandContainer.php(44): EasySwoole\EasySwoole\Command\DefaultCommand\Start->exec(Array)
#3 /home/wwwroot/easyswooe/vendor/easyswoole/easyswoole/src/Command/CommandRunner.php(52): EasySwoole\EasySwoole\Command\CommandContainer->hook('start', Array)
#4 /home/wwwroot/easyswooe/easyswoole(20): EasySwoole\EasySwoole\Command\CommandRunner->run(Array)
#5 {main}
  thrown at file:/home/wwwroot/easyswooe/EasySwooleEvent.php line:59]
[2019-06-16 15:09:45][DEBUG][ERROR] : [Uncaught Error: Class 'EasySwoole\EasySwoole\Dispatcher' not found in /home/wwwroot/easyswooe/EasySwooleEvent.php:59
Stack trace:
#0 /home/wwwroot/easyswooe/vendor/easyswoole/easyswoole/src/Core.php(121): EasySwoole\EasySwoole\EasySwooleEvent::mainServerCreate(Object(EasySwoole\EasySwoole\Swoole\EventRegister))
#1 /home/wwwroot/easyswooe/vendor/easyswoole/easyswoole/src/Command/DefaultCommand/Start.php(42): EasySwoole\EasySwoole\Core->createServer()
#2 /home/wwwroot/easyswooe/vendor/easyswoole/easyswoole/src/Command/CommandContainer.php(44): EasySwoole\EasySwoole\Command\DefaultCommand\Start->exec(Array)
#3 /home/wwwroot/easyswooe/vendor/easyswoole/easyswoole/src/Command/CommandRunner.php(52): EasySwoole\EasySwoole\Command\CommandContainer->hook('start', Array)
#4 /home/wwwroot/easyswooe/easyswoole(20): EasySwoole\EasySwoole\Command\CommandRunner->run(Array)
#5 {main}
  thrown at file:/home/wwwroot/easyswooe/EasySwooleEvent.php line:59]
[2019-06-16 15:12:11][DEBUG][ERROR] : [Uncaught TypeError: Argument 1 passed to EasySwoole\Http\Dispatcher::__construct() must be of the type string, object given, called in /home/wwwroot/easyswooe/EasySwooleEvent.php on line 60 and defined in /home/wwwroot/easyswooe/vendor/easyswoole/http/src/Dispatcher.php:31
Stack trace:
#0 /home/wwwroot/easyswooe/EasySwooleEvent.php(60): EasySwoole\Http\Dispatcher->__construct(Object(EasySwoole\Socket\Config))
#1 /home/wwwroot/easyswooe/vendor/easyswoole/easyswoole/src/Core.php(121): EasySwoole\EasySwoole\EasySwooleEvent::mainServerCreate(Object(EasySwoole\EasySwoole\Swoole\EventRegister))
#2 /home/wwwroot/easyswooe/vendor/easyswoole/easyswoole/src/Command/DefaultCommand/Start.php(42): EasySwoole\EasySwoole\Core->createServer()
#3 /home/wwwroot/easyswooe/vendor/easyswoole/easyswoole/src/Command/CommandContainer.php(44): EasySwoole\EasySwoole\Command\DefaultCommand\Start->exec(Array)
#4 /home/wwwroot/easyswooe/vendor/easyswoole/easyswoole/src/Command/CommandRunner.php(52): EasySwoole\EasySwoole\Command\CommandC at file:/home/wwwroot/easyswooe/vendor/easyswoole/http/src/Dispatcher.php line:31]
[2019-06-16 15:14:22][DEBUG][ERROR] : [Swoole\Server::start(): require onMessage callback at file:/home/wwwroot/easyswooe/vendor/easyswoole/easyswoole/src/ServerManager.php line:114]
[2019-06-16 15:16:24][DEBUG][ERROR] : [Swoole\Server::start(): require onMessage callback at file:/home/wwwroot/easyswooe/vendor/easyswoole/easyswoole/src/ServerManager.php line:114]
[2019-06-16 15:16:34][DEBUG][ERROR] : [Uncaught TypeError: Argument 1 passed to EasySwoole\Http\Dispatcher::__construct() must be of the type string, object given, called in /home/wwwroot/easyswooe/EasySwooleEvent.php on line 61 and defined in /home/wwwroot/easyswooe/vendor/easyswoole/http/src/Dispatcher.php:31
Stack trace:
#0 /home/wwwroot/easyswooe/EasySwooleEvent.php(61): EasySwoole\Http\Dispatcher->__construct(Object(EasySwoole\Socket\Config))
#1 /home/wwwroot/easyswooe/vendor/easyswoole/easyswoole/src/Core.php(121): EasySwoole\EasySwoole\EasySwooleEvent::mainServerCreate(Object(EasySwoole\EasySwoole\Swoole\EventRegister))
#2 /home/wwwroot/easyswooe/vendor/easyswoole/easyswoole/src/Command/DefaultCommand/Start.php(42): EasySwoole\EasySwoole\Core->createServer()
#3 /home/wwwroot/easyswooe/vendor/easyswoole/easyswoole/src/Command/CommandContainer.php(44): EasySwoole\EasySwoole\Command\DefaultCommand\Start->exec(Array)
#4 /home/wwwroot/easyswooe/vendor/easyswoole/easyswoole/src/Command/CommandRunner.php(52): EasySwoole\EasySwoole\Command\CommandC at file:/home/wwwroot/easyswooe/vendor/easyswoole/http/src/Dispatcher.php line:31]
[2019-06-16 15:19:17][DEBUG][ERROR] : [Uncaught TypeError: Argument 1 passed to EasySwoole\Http\Dispatcher::__construct() must be of the type string, object given, called in /home/wwwroot/easyswooe/EasySwooleEvent.php on line 61 and defined in /home/wwwroot/easyswooe/vendor/easyswoole/http/src/Dispatcher.php:31
Stack trace:
#0 /home/wwwroot/easyswooe/EasySwooleEvent.php(61): EasySwoole\Http\Dispatcher->__construct(Object(EasySwoole\Socket\Config))
#1 /home/wwwroot/easyswooe/vendor/easyswoole/easyswoole/src/Core.php(121): EasySwoole\EasySwoole\EasySwooleEvent::mainServerCreate(Object(EasySwoole\EasySwoole\Swoole\EventRegister))
#2 /home/wwwroot/easyswooe/vendor/easyswoole/easyswoole/src/Command/DefaultCommand/Start.php(42): EasySwoole\EasySwoole\Core->createServer()
#3 /home/wwwroot/easyswooe/vendor/easyswoole/easyswoole/src/Command/CommandContainer.php(44): EasySwoole\EasySwoole\Command\DefaultCommand\Start->exec(Array)
#4 /home/wwwroot/easyswooe/vendor/easyswoole/easyswoole/src/Command/CommandRunner.php(52): EasySwoole\EasySwoole\Command\CommandC at file:/home/wwwroot/easyswooe/vendor/easyswoole/http/src/Dispatcher.php line:31]
[2019-06-16 15:24:36][DEBUG][ERROR] : [Uncaught Error: Cannot access protected property EasySwoole\Socket\Config::$type in /home/wwwroot/easyswooe/EasySwooleEvent.php:62
Stack trace:
#0 /home/wwwroot/easyswooe/vendor/easyswoole/easyswoole/src/Core.php(121): EasySwoole\EasySwoole\EasySwooleEvent::mainServerCreate(Object(EasySwoole\EasySwoole\Swoole\EventRegister))
#1 /home/wwwroot/easyswooe/vendor/easyswoole/easyswoole/src/Command/DefaultCommand/Start.php(42): EasySwoole\EasySwoole\Core->createServer()
#2 /home/wwwroot/easyswooe/vendor/easyswoole/easyswoole/src/Command/CommandContainer.php(44): EasySwoole\EasySwoole\Command\DefaultCommand\Start->exec(Array)
#3 /home/wwwroot/easyswooe/vendor/easyswoole/easyswoole/src/Command/CommandRunner.php(52): EasySwoole\EasySwoole\Command\CommandContainer->hook('start', Array)
#4 /home/wwwroot/easyswooe/easyswoole(20): EasySwoole\EasySwoole\Command\CommandRunner->run(Array)
#5 {main}
  thrown at file:/home/wwwroot/easyswooe/EasySwooleEvent.php line:62]
[2019-06-16 15:39:42][DEBUG][ERROR] : [Uncaught TypeError: Argument 1 passed to EasySwoole\Http\Dispatcher::__construct() must be of the type string, object given, called in /home/wwwroot/easyswooe/EasySwooleEvent.php on line 63 and defined in /home/wwwroot/easyswooe/vendor/easyswoole/http/src/Dispatcher.php:31
Stack trace:
#0 /home/wwwroot/easyswooe/EasySwooleEvent.php(63): EasySwoole\Http\Dispatcher->__construct(Object(EasySwoole\Socket\Config))
#1 /home/wwwroot/easyswooe/vendor/easyswoole/easyswoole/src/Core.php(121): EasySwoole\EasySwoole\EasySwooleEvent::mainServerCreate(Object(EasySwoole\EasySwoole\Swoole\EventRegister))
#2 /home/wwwroot/easyswooe/vendor/easyswoole/easyswoole/src/Command/DefaultCommand/Start.php(42): EasySwoole\EasySwoole\Core->createServer()
#3 /home/wwwroot/easyswooe/vendor/easyswoole/easyswoole/src/Command/CommandContainer.php(44): EasySwoole\EasySwoole\Command\DefaultCommand\Start->exec(Array)
#4 /home/wwwroot/easyswooe/vendor/easyswoole/easyswoole/src/Command/CommandRunner.php(52): EasySwoole\EasySwoole\Command\CommandC at file:/home/wwwroot/easyswooe/vendor/easyswoole/http/src/Dispatcher.php line:31]
[2019-06-16 15:51:49][DEBUG][ERROR] : [Uncaught TypeError: Argument 1 passed to EasySwoole\Http\Dispatcher::__construct() must be of the type string, object given, called in /home/wwwroot/easyswooe/EasySwooleEvent.php on line 63 and defined in /home/wwwroot/easyswooe/vendor/easyswoole/http/src/Dispatcher.php:31
Stack trace:
#0 /home/wwwroot/easyswooe/EasySwooleEvent.php(63): EasySwoole\Http\Dispatcher->__construct(Object(EasySwoole\Socket\Config))
#1 /home/wwwroot/easyswooe/vendor/easyswoole/easyswoole/src/Core.php(121): EasySwoole\EasySwoole\EasySwooleEvent::mainServerCreate(Object(EasySwoole\EasySwoole\Swoole\EventRegister))
#2 /home/wwwroot/easyswooe/vendor/easyswoole/easyswoole/src/Command/DefaultCommand/Start.php(42): EasySwoole\EasySwoole\Core->createServer()
#3 /home/wwwroot/easyswooe/vendor/easyswoole/easyswoole/src/Command/CommandContainer.php(44): EasySwoole\EasySwoole\Command\DefaultCommand\Start->exec(Array)
#4 /home/wwwroot/easyswooe/vendor/easyswoole/easyswoole/src/Command/CommandRunner.php(52): EasySwoole\EasySwoole\Command\CommandC at file:/home/wwwroot/easyswooe/vendor/easyswoole/http/src/Dispatcher.php line:31]
